<?xml version="1.0" encoding="UTF-8"?>
<testsuite name="com.example.main.springboot.web.HelloControllerTest" tests="2" skipped="0" failures="0" errors="0" timestamp="2020-11-19T09:55:25" hostname="DESKTOP-HPA3H7F" time="0.453">
  <properties/>
  <testcase name="helloDto_return" classname="com.example.main.springboot.web.HelloControllerTest" time="0.438"/>
  <testcase name="hello_return" classname="com.example.main.springboot.web.HelloControllerTest" time="0.015"/>
  <system-out><![CDATA[2020-11-19 18:55:22.900  INFO 14868 --- [    Test worker] .b.t.a.w.s.WebMvcTestContextBootstrapper : Neither @ContextConfiguration nor @ContextHierarchy found for test class [com.example.main.springboot.web.HelloControllerTest], using SpringBootContextLoader
2020-11-19 18:55:22.902  INFO 14868 --- [    Test worker] o.s.t.c.support.AbstractContextLoader    : Could not detect default resource locations for test class [com.example.main.springboot.web.HelloControllerTest]: no resource found for suffixes {-context.xml, Context.groovy}.
2020-11-19 18:55:22.903  INFO 14868 --- [    Test worker] t.c.s.AnnotationConfigContextLoaderUtils : Could not detect default configuration classes for test class [com.example.main.springboot.web.HelloControllerTest]: HelloControllerTest does not declare any static, non-private, non-final, nested classes annotated with @Configuration.
2020-11-19 18:55:22.989  INFO 14868 --- [    Test worker] .b.t.c.SpringBootTestContextBootstrapper : Found @SpringBootConfiguration com.example.main.springboot.Application for test class com.example.main.springboot.web.HelloControllerTest
2020-11-19 18:55:22.990  INFO 14868 --- [    Test worker] .b.t.a.w.s.WebMvcTestContextBootstrapper : Loaded default TestExecutionListener class names from location [META-INF/spring.factories]: [org.springframework.security.test.context.support.WithSecurityContextTestExecutionListener, org.springframework.security.test.context.support.ReactorContextTestExecutionListener, org.springframework.boot.test.autoconfigure.restdocs.RestDocsTestExecutionListener, org.springframework.boot.test.autoconfigure.web.client.MockRestServiceServerResetTestExecutionListener, org.springframework.boot.test.autoconfigure.web.servlet.MockMvcPrintOnlyOnFailureTestExecutionListener, org.springframework.boot.test.autoconfigure.web.servlet.WebDriverTestExecutionListener, org.springframework.boot.test.mock.mockito.MockitoTestExecutionListener, org.springframework.boot.test.mock.mockito.ResetMocksTestExecutionListener, org.springframework.test.context.web.ServletTestExecutionListener, org.springframework.test.context.support.DirtiesContextBeforeModesTestExecutionListener, org.springframework.test.context.support.DependencyInjectionTestExecutionListener, org.springframework.test.context.support.DirtiesContextTestExecutionListener, org.springframework.test.context.transaction.TransactionalTestExecutionListener, org.springframework.test.context.jdbc.SqlScriptsTestExecutionListener]
2020-11-19 18:55:22.993  INFO 14868 --- [    Test worker] .b.t.a.w.s.WebMvcTestContextBootstrapper : Using TestExecutionListeners: [org.springframework.test.context.web.ServletTestExecutionListener@28b2e375, org.springframework.test.context.support.DirtiesContextBeforeModesTestExecutionListener@1a0bb05a, org.springframework.boot.test.mock.mockito.MockitoTestExecutionListener@22911631, org.springframework.boot.test.autoconfigure.SpringBootDependencyInjectionTestExecutionListener@4aac22ee, org.springframework.test.context.support.DirtiesContextTestExecutionListener@753ad985, org.springframework.test.context.transaction.TransactionalTestExecutionListener@32f42e18, org.springframework.test.context.jdbc.SqlScriptsTestExecutionListener@18fe86e9, org.springframework.security.test.context.support.WithSecurityContextTestExecutionListener@33ee7c4a, org.springframework.security.test.context.support.ReactorContextTestExecutionListener@103b7d43, org.springframework.boot.test.autoconfigure.restdocs.RestDocsTestExecutionListener@3ac15b2, org.springframework.boot.test.autoconfigure.web.client.MockRestServiceServerResetTestExecutionListener@6f0912e0, org.springframework.boot.test.autoconfigure.web.servlet.MockMvcPrintOnlyOnFailureTestExecutionListener@2f453f67, org.springframework.boot.test.autoconfigure.web.servlet.WebDriverTestExecutionListener@645f8ea9, org.springframework.boot.test.mock.mockito.ResetMocksTestExecutionListener@73d1615]

  .   ____          _            __ _ _
 /\\ / ___'_ __ _ _(_)_ __  __ _ \ \ \ \
( ( )\___ | '_ | '_| | '_ \/ _` | \ \ \ \
 \\/  ___)| |_)| | | | | || (_| |  ) ) ) )
  '  |____| .__|_| |_|_| |_\__, | / / / /
 =========|_|==============|___/=/_/_/_/
 :: Spring Boot ::        (v2.1.9.RELEASE)

2020-11-19 18:55:23.177  INFO 14868 --- [    Test worker] c.e.m.s.web.HelloControllerTest          : Starting HelloControllerTest on DESKTOP-HPA3H7F with PID 14868 (started by sein in C:\TP)
2020-11-19 18:55:23.179  INFO 14868 --- [    Test worker] c.e.m.s.web.HelloControllerTest          : The following profiles are active: oauth
2020-11-19 18:55:24.368  INFO 14868 --- [    Test worker] o.s.s.concurrent.ThreadPoolTaskExecutor  : Initializing ExecutorService 'applicationTaskExecutor'
2020-11-19 18:55:24.429  INFO 14868 --- [    Test worker] o.s.b.a.w.s.WelcomePageHandlerMapping    : Adding welcome page template: index
2020-11-19 18:55:24.832  INFO 14868 --- [    Test worker] .s.s.UserDetailsServiceAutoConfiguration : 

Using generated security password: 247650d4-bb68-4446-ac29-ab5f9c00d131

2020-11-19 18:55:25.249  INFO 14868 --- [    Test worker] o.s.s.web.DefaultSecurityFilterChain     : Creating filter chain: any request, [org.springframework.security.web.context.request.async.WebAsyncManagerIntegrationFilter@57c541e, org.springframework.security.web.context.SecurityContextPersistenceFilter@7d398a92, org.springframework.security.web.header.HeaderWriterFilter@6d7dde63, org.springframework.security.web.csrf.CsrfFilter@5d26572f, org.springframework.security.web.authentication.logout.LogoutFilter@14b54dc8, org.springframework.security.web.authentication.UsernamePasswordAuthenticationFilter@607ecc1b, org.springframework.security.web.authentication.ui.DefaultLoginPageGeneratingFilter@4c6eaced, org.springframework.security.web.authentication.ui.DefaultLogoutPageGeneratingFilter@773ab896, org.springframework.security.web.authentication.www.BasicAuthenticationFilter@79bba716, org.springframework.security.web.savedrequest.RequestCacheAwareFilter@269964e6, org.springframework.security.web.servletapi.SecurityContextHolderAwareRequestFilter@25942890, org.springframework.security.web.authentication.AnonymousAuthenticationFilter@539d3270, org.springframework.security.web.session.SessionManagementFilter@28d63cc, org.springframework.security.web.access.ExceptionTranslationFilter@11694259, org.springframework.security.web.access.intercept.FilterSecurityInterceptor@61e9ec6b]
2020-11-19 18:55:25.389  INFO 14868 --- [    Test worker] o.s.b.t.m.w.SpringBootMockServletContext : Initializing Spring TestDispatcherServlet ''
2020-11-19 18:55:25.389  INFO 14868 --- [    Test worker] o.s.t.web.servlet.TestDispatcherServlet  : Initializing Servlet ''
2020-11-19 18:55:25.427  INFO 14868 --- [    Test worker] o.s.t.web.servlet.TestDispatcherServlet  : Completed initialization in 38 ms
2020-11-19 18:55:25.494  INFO 14868 --- [    Test worker] c.e.m.s.web.HelloControllerTest          : Started HelloControllerTest in 2.49 seconds (JVM running for 22.266)
]]></system-out>
  <system-err><![CDATA[]]></system-err>
</testsuite>
