<?xml version="1.0" encoding="UTF-8"?>
<testsuite name="com.example.main.springboot.web.domain.posts.PostsRepositoryTest" tests="2" skipped="0" failures="0" errors="0" timestamp="2020-11-19T09:55:21" hostname="DESKTOP-HPA3H7F" time="1.098">
  <properties/>
  <testcase name="board_save_load" classname="com.example.main.springboot.web.domain.posts.PostsRepositoryTest" time="1.072"/>
  <testcase name="BaseTimeEntity_assign" classname="com.example.main.springboot.web.domain.posts.PostsRepositoryTest" time="0.024"/>
  <system-out><![CDATA[18:55:06.822 [Test worker] DEBUG org.springframework.test.context.junit4.SpringJUnit4ClassRunner - SpringJUnit4ClassRunner constructor called with [class com.example.main.springboot.web.domain.posts.PostsRepositoryTest]
18:55:06.841 [Test worker] DEBUG org.springframework.test.context.BootstrapUtils - Instantiating CacheAwareContextLoaderDelegate from class [org.springframework.test.context.cache.DefaultCacheAwareContextLoaderDelegate]
18:55:06.863 [Test worker] DEBUG org.springframework.test.context.BootstrapUtils - Instantiating BootstrapContext using constructor [public org.springframework.test.context.support.DefaultBootstrapContext(java.lang.Class,org.springframework.test.context.CacheAwareContextLoaderDelegate)]
18:55:06.909 [Test worker] DEBUG org.springframework.test.context.BootstrapUtils - Instantiating TestContextBootstrapper for test class [com.example.main.springboot.web.domain.posts.PostsRepositoryTest] from class [org.springframework.boot.test.context.SpringBootTestContextBootstrapper]
18:55:06.931 [Test worker] INFO org.springframework.boot.test.context.SpringBootTestContextBootstrapper - Neither @ContextConfiguration nor @ContextHierarchy found for test class [com.example.main.springboot.web.domain.posts.PostsRepositoryTest], using SpringBootContextLoader
18:55:06.936 [Test worker] DEBUG org.springframework.test.context.support.AbstractContextLoader - Did not detect default resource location for test class [com.example.main.springboot.web.domain.posts.PostsRepositoryTest]: class path resource [com/example/main/springboot/web/domain/posts/PostsRepositoryTest-context.xml] does not exist
18:55:06.936 [Test worker] DEBUG org.springframework.test.context.support.AbstractContextLoader - Did not detect default resource location for test class [com.example.main.springboot.web.domain.posts.PostsRepositoryTest]: class path resource [com/example/main/springboot/web/domain/posts/PostsRepositoryTestContext.groovy] does not exist
18:55:06.937 [Test worker] INFO org.springframework.test.context.support.AbstractContextLoader - Could not detect default resource locations for test class [com.example.main.springboot.web.domain.posts.PostsRepositoryTest]: no resource found for suffixes {-context.xml, Context.groovy}.
18:55:06.937 [Test worker] INFO org.springframework.test.context.support.AnnotationConfigContextLoaderUtils - Could not detect default configuration classes for test class [com.example.main.springboot.web.domain.posts.PostsRepositoryTest]: PostsRepositoryTest does not declare any static, non-private, non-final, nested classes annotated with @Configuration.
18:55:06.993 [Test worker] DEBUG org.springframework.test.context.support.ActiveProfilesUtils - Could not find an 'annotation declaring class' for annotation type [org.springframework.test.context.ActiveProfiles] and class [com.example.main.springboot.web.domain.posts.PostsRepositoryTest]
18:55:07.141 [Test worker] DEBUG org.springframework.context.annotation.ClassPathScanningCandidateComponentProvider - Identified candidate component class: file [C:\TP\build\classes\java\main\com\example\main\springboot\Application.class]
18:55:07.143 [Test worker] INFO org.springframework.boot.test.context.SpringBootTestContextBootstrapper - Found @SpringBootConfiguration com.example.main.springboot.Application for test class com.example.main.springboot.web.domain.posts.PostsRepositoryTest
18:55:07.294 [Test worker] DEBUG org.springframework.boot.test.context.SpringBootTestContextBootstrapper - @TestExecutionListeners is not present for class [com.example.main.springboot.web.domain.posts.PostsRepositoryTest]: using defaults.
18:55:07.296 [Test worker] INFO org.springframework.boot.test.context.SpringBootTestContextBootstrapper - Loaded default TestExecutionListener class names from location [META-INF/spring.factories]: [org.springframework.security.test.context.support.WithSecurityContextTestExecutionListener, org.springframework.security.test.context.support.ReactorContextTestExecutionListener, org.springframework.boot.test.autoconfigure.restdocs.RestDocsTestExecutionListener, org.springframework.boot.test.autoconfigure.web.client.MockRestServiceServerResetTestExecutionListener, org.springframework.boot.test.autoconfigure.web.servlet.MockMvcPrintOnlyOnFailureTestExecutionListener, org.springframework.boot.test.autoconfigure.web.servlet.WebDriverTestExecutionListener, org.springframework.boot.test.mock.mockito.MockitoTestExecutionListener, org.springframework.boot.test.mock.mockito.ResetMocksTestExecutionListener, org.springframework.test.context.web.ServletTestExecutionListener, org.springframework.test.context.support.DirtiesContextBeforeModesTestExecutionListener, org.springframework.test.context.support.DependencyInjectionTestExecutionListener, org.springframework.test.context.support.DirtiesContextTestExecutionListener, org.springframework.test.context.transaction.TransactionalTestExecutionListener, org.springframework.test.context.jdbc.SqlScriptsTestExecutionListener]
18:55:07.338 [Test worker] INFO org.springframework.boot.test.context.SpringBootTestContextBootstrapper - Using TestExecutionListeners: [org.springframework.test.context.web.ServletTestExecutionListener@400b4eee, org.springframework.test.context.support.DirtiesContextBeforeModesTestExecutionListener@7f9b9ae8, org.springframework.boot.test.mock.mockito.MockitoTestExecutionListener@6452165c, org.springframework.boot.test.autoconfigure.SpringBootDependencyInjectionTestExecutionListener@6a86b64d, org.springframework.test.context.support.DirtiesContextTestExecutionListener@7060f9cd, org.springframework.test.context.transaction.TransactionalTestExecutionListener@530f71f3, org.springframework.test.context.jdbc.SqlScriptsTestExecutionListener@279b7d38, org.springframework.security.test.context.support.WithSecurityContextTestExecutionListener@78f08358, org.springframework.security.test.context.support.ReactorContextTestExecutionListener@fa9a31a, org.springframework.boot.test.autoconfigure.restdocs.RestDocsTestExecutionListener@2781cbf5, org.springframework.boot.test.autoconfigure.web.client.MockRestServiceServerResetTestExecutionListener@5b8f1080, org.springframework.boot.test.autoconfigure.web.servlet.MockMvcPrintOnlyOnFailureTestExecutionListener@2719a2ea, org.springframework.boot.test.autoconfigure.web.servlet.WebDriverTestExecutionListener@65ea7460, org.springframework.boot.test.mock.mockito.ResetMocksTestExecutionListener@4c9dd54b]
18:55:07.342 [Test worker] DEBUG org.springframework.test.annotation.ProfileValueUtils - Retrieved @ProfileValueSourceConfiguration [null] for test class [com.example.main.springboot.web.domain.posts.PostsRepositoryTest]
18:55:07.342 [Test worker] DEBUG org.springframework.test.annotation.ProfileValueUtils - Retrieved ProfileValueSource type [class org.springframework.test.annotation.SystemProfileValueSource] for class [com.example.main.springboot.web.domain.posts.PostsRepositoryTest]
18:55:07.344 [Test worker] DEBUG org.springframework.test.annotation.ProfileValueUtils - Retrieved @ProfileValueSourceConfiguration [null] for test class [com.example.main.springboot.web.domain.posts.PostsRepositoryTest]
18:55:07.344 [Test worker] DEBUG org.springframework.test.annotation.ProfileValueUtils - Retrieved ProfileValueSource type [class org.springframework.test.annotation.SystemProfileValueSource] for class [com.example.main.springboot.web.domain.posts.PostsRepositoryTest]
18:55:07.350 [Test worker] DEBUG org.springframework.test.context.support.AbstractDirtiesContextTestExecutionListener - Before test class: context [DefaultTestContext@75fd6989 testClass = PostsRepositoryTest, testInstance = [null], testMethod = [null], testException = [null], mergedContextConfiguration = [WebMergedContextConfiguration@65955326 testClass = PostsRepositoryTest, locations = '{}', classes = '{class com.example.main.springboot.Application}', contextInitializerClasses = '[]', activeProfiles = '{}', propertySourceLocations = '{}', propertySourceProperties = '{org.springframework.boot.test.context.SpringBootTestContextBootstrapper=true}', contextCustomizers = set[org.springframework.boot.test.autoconfigure.properties.PropertyMappingContextCustomizer@0, org.springframework.boot.test.autoconfigure.web.servlet.WebDriverContextCustomizerFactory$Customizer@62746b28, org.springframework.boot.test.context.filter.ExcludeFilterContextCustomizer@12630d29, org.springframework.boot.test.json.DuplicateJsonObjectContextCustomizerFactory$DuplicateJsonObjectContextCustomizer@54c794d8, org.springframework.boot.test.mock.mockito.MockitoContextCustomizer@0, org.springframework.boot.test.web.client.TestRestTemplateContextCustomizer@35c194aa], resourceBasePath = 'src/main/webapp', contextLoader = 'org.springframework.boot.test.context.SpringBootContextLoader', parent = [null]], attributes = map['org.springframework.test.context.web.ServletTestExecutionListener.activateListener' -> true]], class annotated with @DirtiesContext [false] with mode [null].
18:55:07.351 [Test worker] DEBUG org.springframework.test.annotation.ProfileValueUtils - Retrieved @ProfileValueSourceConfiguration [null] for test class [com.example.main.springboot.web.domain.posts.PostsRepositoryTest]
18:55:07.351 [Test worker] DEBUG org.springframework.test.annotation.ProfileValueUtils - Retrieved ProfileValueSource type [class org.springframework.test.annotation.SystemProfileValueSource] for class [com.example.main.springboot.web.domain.posts.PostsRepositoryTest]
18:55:07.380 [Test worker] DEBUG org.springframework.test.context.support.TestPropertySourceUtils - Adding inlined properties to environment: {spring.jmx.enabled=false, org.springframework.boot.test.context.SpringBootTestContextBootstrapper=true, server.port=-1}

  .   ____          _            __ _ _
 /\\ / ___'_ __ _ _(_)_ __  __ _ \ \ \ \
( ( )\___ | '_ | '_| | '_ \/ _` | \ \ \ \
 \\/  ___)| |_)| | | | | || (_| |  ) ) ) )
  '  |____| .__|_| |_|_| |_\__, | / / / /
 =========|_|==============|___/=/_/_/_/
 :: Spring Boot ::        (v2.1.9.RELEASE)

2020-11-19 18:55:07.881  INFO 14868 --- [    Test worker] c.e.m.s.w.d.posts.PostsRepositoryTest    : Starting PostsRepositoryTest on DESKTOP-HPA3H7F with PID 14868 (started by sein in C:\TP)
2020-11-19 18:55:07.882  INFO 14868 --- [    Test worker] c.e.m.s.w.d.posts.PostsRepositoryTest    : The following profiles are active: oauth
2020-11-19 18:55:09.736  INFO 14868 --- [    Test worker] .s.d.r.c.RepositoryConfigurationDelegate : Bootstrapping Spring Data repositories in DEFAULT mode.
2020-11-19 18:55:09.970  INFO 14868 --- [    Test worker] .s.d.r.c.RepositoryConfigurationDelegate : Finished Spring Data repository scanning in 210ms. Found 2 repository interfaces.
2020-11-19 18:55:11.032  INFO 14868 --- [    Test worker] trationDelegate$BeanPostProcessorChecker : Bean 'org.springframework.transaction.annotation.ProxyTransactionManagementConfiguration' of type [org.springframework.transaction.annotation.ProxyTransactionManagementConfiguration$$EnhancerBySpringCGLIB$$2138787a] is not eligible for getting processed by all BeanPostProcessors (for example: not eligible for auto-proxying)
2020-11-19 18:55:11.571  INFO 14868 --- [    Test worker] com.zaxxer.hikari.HikariDataSource       : HikariPool-1 - Starting...
2020-11-19 18:55:11.902  INFO 14868 --- [    Test worker] com.zaxxer.hikari.HikariDataSource       : HikariPool-1 - Start completed.
2020-11-19 18:55:12.123  INFO 14868 --- [    Test worker] o.hibernate.jpa.internal.util.LogHelper  : HHH000204: Processing PersistenceUnitInfo [
	name: default
	...]
2020-11-19 18:55:12.363  INFO 14868 --- [    Test worker] org.hibernate.Version                    : HHH000412: Hibernate Core {5.3.12.Final}
2020-11-19 18:55:12.367  INFO 14868 --- [    Test worker] org.hibernate.cfg.Environment            : HHH000206: hibernate.properties not found
2020-11-19 18:55:12.787  INFO 14868 --- [    Test worker] o.hibernate.annotations.common.Version   : HCANN000001: Hibernate Commons Annotations {5.0.4.Final}
2020-11-19 18:55:13.130  INFO 14868 --- [    Test worker] org.hibernate.dialect.Dialect            : HHH000400: Using dialect: org.hibernate.dialect.MySQL5InnoDBDialect
Hibernate: drop table if exists posts
Hibernate: drop table if exists user
Hibernate: create table posts (id bigint not null auto_increment, created_date datetime, modified_date datetime, author varchar(255), content TEXT not null, title varchar(500) not null, primary key (id)) engine=InnoDB
Hibernate: create table user (id bigint not null auto_increment, created_date datetime, modified_date datetime, email varchar(255) not null, name varchar(255) not null, picture varchar(255), role varchar(255) not null, primary key (id)) engine=InnoDB
2020-11-19 18:55:14.802  INFO 14868 --- [    Test worker] o.h.t.schema.internal.SchemaCreatorImpl  : HHH000476: Executing import script 'org.hibernate.tool.schema.internal.exec.ScriptSourceInputNonExistentImpl@7701c3b4'
2020-11-19 18:55:14.809  INFO 14868 --- [    Test worker] j.LocalContainerEntityManagerFactoryBean : Initialized JPA EntityManagerFactory for persistence unit 'default'
2020-11-19 18:55:16.266  INFO 14868 --- [    Test worker] o.h.h.i.QueryTranslatorFactoryInitiator  : HHH000397: Using ASTQueryTranslatorFactory
2020-11-19 18:55:17.845  INFO 14868 --- [    Test worker] o.s.s.web.DefaultSecurityFilterChain     : Creating filter chain: any request, [org.springframework.security.web.context.request.async.WebAsyncManagerIntegrationFilter@5564466d, org.springframework.security.web.context.SecurityContextPersistenceFilter@4055dc3f, org.springframework.security.web.header.HeaderWriterFilter@79ff12a1, org.springframework.security.web.authentication.logout.LogoutFilter@33bd5bbb, org.springframework.security.oauth2.client.web.OAuth2AuthorizationRequestRedirectFilter@6c8cf2ca, org.springframework.security.oauth2.client.web.OAuth2LoginAuthenticationFilter@4a58c2d6, org.springframework.security.web.authentication.ui.DefaultLoginPageGeneratingFilter@735c6edd, org.springframework.security.web.authentication.ui.DefaultLogoutPageGeneratingFilter@6ac5cf3b, org.springframework.security.web.savedrequest.RequestCacheAwareFilter@3750c4b7, org.springframework.security.web.servletapi.SecurityContextHolderAwareRequestFilter@51b11c37, org.springframework.security.web.authentication.AnonymousAuthenticationFilter@38d926f5, org.springframework.security.web.session.SessionManagementFilter@3c7b2565, org.springframework.security.web.access.ExceptionTranslationFilter@4db58d73, org.springframework.security.web.access.intercept.FilterSecurityInterceptor@19fe9b41]
2020-11-19 18:55:19.456  INFO 14868 --- [    Test worker] o.s.s.concurrent.ThreadPoolTaskExecutor  : Initializing ExecutorService 'applicationTaskExecutor'
2020-11-19 18:55:19.606  WARN 14868 --- [    Test worker] aWebConfiguration$JpaWebMvcConfiguration : spring.jpa.open-in-view is enabled by default. Therefore, database queries may be performed during view rendering. Explicitly configure spring.jpa.open-in-view to disable this warning
2020-11-19 18:55:19.713  INFO 14868 --- [    Test worker] o.s.b.a.w.s.WelcomePageHandlerMapping    : Adding welcome page template: index
2020-11-19 18:55:21.668  INFO 14868 --- [    Test worker] s.a.ScheduledAnnotationBeanPostProcessor : No TaskScheduler/ScheduledExecutorService bean found for scheduled processing
2020-11-19 18:55:21.696  INFO 14868 --- [    Test worker] c.e.m.s.w.d.posts.PostsRepositoryTest    : Started PostsRepositoryTest in 14.3 seconds (JVM running for 18.469)
Hibernate: insert into posts (created_date, modified_date, author, content, title) values (?, ?, ?, ?, ?)
Hibernate: select posts0_.id as id1_0_, posts0_.created_date as created_2_0_, posts0_.modified_date as modified3_0_, posts0_.author as author4_0_, posts0_.content as content5_0_, posts0_.title as title6_0_ from posts posts0_
Hibernate: select posts0_.id as id1_0_, posts0_.created_date as created_2_0_, posts0_.modified_date as modified3_0_, posts0_.author as author4_0_, posts0_.content as content5_0_, posts0_.title as title6_0_ from posts posts0_
Hibernate: delete from posts where id=?
Hibernate: insert into posts (created_date, modified_date, author, content, title) values (?, ?, ?, ?, ?)
Hibernate: select posts0_.id as id1_0_, posts0_.created_date as created_2_0_, posts0_.modified_date as modified3_0_, posts0_.author as author4_0_, posts0_.content as content5_0_, posts0_.title as title6_0_ from posts posts0_
>>>>>>>>>>>>>CreatDate=2020-11-19T18:55:22.856, modifiedDate=2020-11-19T18:55:22.856
Hibernate: select posts0_.id as id1_0_, posts0_.created_date as created_2_0_, posts0_.modified_date as modified3_0_, posts0_.author as author4_0_, posts0_.content as content5_0_, posts0_.title as title6_0_ from posts posts0_
Hibernate: delete from posts where id=?
]]></system-out>
  <system-err><![CDATA[]]></system-err>
</testsuite>
