<?xml version="1.0" encoding="UTF-8"?>
<testsuite name="com.example.main.springboot.web.indexControllerTest" tests="1" skipped="0" failures="0" errors="0" timestamp="2020-11-07T09:00:30" hostname="DESKTOP-HPA3H7F" time="0.766">
  <properties/>
  <testcase name="MainPage_Loading" classname="com.example.main.springboot.web.indexControllerTest" time="0.766"/>
  <system-out><![CDATA[2020-11-07 18:00:16.741  INFO 13380 --- [    Test worker] .b.t.c.SpringBootTestContextBootstrapper : Neither @ContextConfiguration nor @ContextHierarchy found for test class [com.example.main.springboot.web.indexControllerTest], using SpringBootContextLoader
2020-11-07 18:00:16.743  INFO 13380 --- [    Test worker] o.s.t.c.support.AbstractContextLoader    : Could not detect default resource locations for test class [com.example.main.springboot.web.indexControllerTest]: no resource found for suffixes {-context.xml, Context.groovy}.
2020-11-07 18:00:16.744  INFO 13380 --- [    Test worker] t.c.s.AnnotationConfigContextLoaderUtils : Could not detect default configuration classes for test class [com.example.main.springboot.web.indexControllerTest]: indexControllerTest does not declare any static, non-private, non-final, nested classes annotated with @Configuration.
2020-11-07 18:00:16.751  INFO 13380 --- [    Test worker] .b.t.c.SpringBootTestContextBootstrapper : Found @SpringBootConfiguration com.example.main.springboot.Application for test class com.example.main.springboot.web.indexControllerTest
2020-11-07 18:00:16.761  INFO 13380 --- [    Test worker] .b.t.c.SpringBootTestContextBootstrapper : Loaded default TestExecutionListener class names from location [META-INF/spring.factories]: [org.springframework.security.test.context.support.WithSecurityContextTestExecutionListener, org.springframework.security.test.context.support.ReactorContextTestExecutionListener, org.springframework.boot.test.autoconfigure.restdocs.RestDocsTestExecutionListener, org.springframework.boot.test.autoconfigure.web.client.MockRestServiceServerResetTestExecutionListener, org.springframework.boot.test.autoconfigure.web.servlet.MockMvcPrintOnlyOnFailureTestExecutionListener, org.springframework.boot.test.autoconfigure.web.servlet.WebDriverTestExecutionListener, org.springframework.boot.test.mock.mockito.MockitoTestExecutionListener, org.springframework.boot.test.mock.mockito.ResetMocksTestExecutionListener, org.springframework.test.context.web.ServletTestExecutionListener, org.springframework.test.context.support.DirtiesContextBeforeModesTestExecutionListener, org.springframework.test.context.support.DependencyInjectionTestExecutionListener, org.springframework.test.context.support.DirtiesContextTestExecutionListener, org.springframework.test.context.transaction.TransactionalTestExecutionListener, org.springframework.test.context.jdbc.SqlScriptsTestExecutionListener]
2020-11-07 18:00:16.764  INFO 13380 --- [    Test worker] .b.t.c.SpringBootTestContextBootstrapper : Using TestExecutionListeners: [org.springframework.test.context.web.ServletTestExecutionListener@44d9b9fe, org.springframework.test.context.support.DirtiesContextBeforeModesTestExecutionListener@6467ce33, org.springframework.boot.test.mock.mockito.MockitoTestExecutionListener@13598cbd, org.springframework.boot.test.autoconfigure.SpringBootDependencyInjectionTestExecutionListener@5f424640, org.springframework.test.context.support.DirtiesContextTestExecutionListener@56dd021f, org.springframework.test.context.transaction.TransactionalTestExecutionListener@c9148a1, org.springframework.test.context.jdbc.SqlScriptsTestExecutionListener@53f211ea, org.springframework.security.test.context.support.WithSecurityContextTestExecutionListener@1e4f2d92, org.springframework.security.test.context.support.ReactorContextTestExecutionListener@203c09be, org.springframework.boot.test.autoconfigure.restdocs.RestDocsTestExecutionListener@266e9958, org.springframework.boot.test.autoconfigure.web.client.MockRestServiceServerResetTestExecutionListener@65d0b13e, org.springframework.boot.test.autoconfigure.web.servlet.MockMvcPrintOnlyOnFailureTestExecutionListener@21423ab, org.springframework.boot.test.autoconfigure.web.servlet.WebDriverTestExecutionListener@42a5bbae, org.springframework.boot.test.mock.mockito.ResetMocksTestExecutionListener@10d34efb]

  .   ____          _            __ _ _
 /\\ / ___'_ __ _ _(_)_ __  __ _ \ \ \ \
( ( )\___ | '_ | '_| | '_ \/ _` | \ \ \ \
 \\/  ___)| |_)| | | | | || (_| |  ) ) ) )
  '  |____| .__|_| |_|_| |_\__, | / / / /
 =========|_|==============|___/=/_/_/_/
 :: Spring Boot ::        (v2.1.9.RELEASE)

2020-11-07 18:00:16.965  INFO 13380 --- [    Test worker] c.e.m.s.web.indexControllerTest          : Starting indexControllerTest on DESKTOP-HPA3H7F with PID 13380 (started by sein in C:\TP)
2020-11-07 18:00:16.965  INFO 13380 --- [    Test worker] c.e.m.s.web.indexControllerTest          : The following profiles are active: oauth
2020-11-07 18:00:18.218  INFO 13380 --- [    Test worker] .s.d.r.c.RepositoryConfigurationDelegate : Bootstrapping Spring Data repositories in DEFAULT mode.
2020-11-07 18:00:18.497  INFO 13380 --- [    Test worker] .s.d.r.c.RepositoryConfigurationDelegate : Finished Spring Data repository scanning in 247ms. Found 2 repository interfaces.
2020-11-07 18:00:19.299  INFO 13380 --- [    Test worker] trationDelegate$BeanPostProcessorChecker : Bean 'org.springframework.transaction.annotation.ProxyTransactionManagementConfiguration' of type [org.springframework.transaction.annotation.ProxyTransactionManagementConfiguration$$EnhancerBySpringCGLIB$$bc066ea5] is not eligible for getting processed by all BeanPostProcessors (for example: not eligible for auto-proxying)
2020-11-07 18:00:20.227  INFO 13380 --- [    Test worker] o.s.b.w.embedded.tomcat.TomcatWebServer  : Tomcat initialized with port(s): 0 (http)
2020-11-07 18:00:20.275  INFO 13380 --- [    Test worker] o.apache.catalina.core.StandardService   : Starting service [Tomcat]
2020-11-07 18:00:20.275  INFO 13380 --- [    Test worker] org.apache.catalina.core.StandardEngine  : Starting Servlet engine: [Apache Tomcat/9.0.26]
2020-11-07 18:00:20.502  INFO 13380 --- [    Test worker] o.a.c.c.C.[Tomcat].[localhost].[/]       : Initializing Spring embedded WebApplicationContext
2020-11-07 18:00:20.502  INFO 13380 --- [    Test worker] o.s.web.context.ContextLoader            : Root WebApplicationContext: initialization completed in 3530 ms
2020-11-07 18:00:21.099  INFO 13380 --- [    Test worker] com.zaxxer.hikari.HikariDataSource       : HikariPool-1 - Starting...
2020-11-07 18:00:21.391  INFO 13380 --- [    Test worker] com.zaxxer.hikari.HikariDataSource       : HikariPool-1 - Start completed.
2020-11-07 18:00:21.549  INFO 13380 --- [    Test worker] o.hibernate.jpa.internal.util.LogHelper  : HHH000204: Processing PersistenceUnitInfo [
	name: default
	...]
2020-11-07 18:00:21.692  INFO 13380 --- [    Test worker] org.hibernate.Version                    : HHH000412: Hibernate Core {5.3.12.Final}
2020-11-07 18:00:21.697  INFO 13380 --- [    Test worker] org.hibernate.cfg.Environment            : HHH000206: hibernate.properties not found
2020-11-07 18:00:21.949  INFO 13380 --- [    Test worker] o.hibernate.annotations.common.Version   : HCANN000001: Hibernate Commons Annotations {5.0.4.Final}
2020-11-07 18:00:22.444  INFO 13380 --- [    Test worker] org.hibernate.dialect.Dialect            : HHH000400: Using dialect: org.hibernate.dialect.MySQL5InnoDBDialect
Hibernate: drop table if exists posts
Hibernate: drop table if exists user
Hibernate: create table posts (id bigint not null auto_increment, created_date datetime, modified_date datetime, author varchar(255), content TEXT not null, title varchar(500) not null, primary key (id)) engine=InnoDB
Hibernate: create table user (id bigint not null auto_increment, created_date datetime, modified_date datetime, email varchar(255) not null, name varchar(255) not null, picture varchar(255), role varchar(255) not null, primary key (id)) engine=InnoDB
2020-11-07 18:00:25.575  INFO 13380 --- [    Test worker] o.h.t.schema.internal.SchemaCreatorImpl  : HHH000476: Executing import script 'org.hibernate.tool.schema.internal.exec.ScriptSourceInputNonExistentImpl@5e3fa14'
2020-11-07 18:00:25.584  INFO 13380 --- [    Test worker] j.LocalContainerEntityManagerFactoryBean : Initialized JPA EntityManagerFactory for persistence unit 'default'
2020-11-07 18:00:26.790  INFO 13380 --- [    Test worker] o.h.h.i.QueryTranslatorFactoryInitiator  : HHH000397: Using ASTQueryTranslatorFactory
2020-11-07 18:00:27.529  INFO 13380 --- [    Test worker] o.s.s.web.DefaultSecurityFilterChain     : Creating filter chain: any request, [org.springframework.security.web.context.request.async.WebAsyncManagerIntegrationFilter@2aa9ce0f, org.springframework.security.web.context.SecurityContextPersistenceFilter@70380afc, org.springframework.security.web.header.HeaderWriterFilter@755f4cc3, org.springframework.security.web.authentication.logout.LogoutFilter@1c511f4f, org.springframework.security.oauth2.client.web.OAuth2AuthorizationRequestRedirectFilter@531efe66, org.springframework.security.oauth2.client.web.OAuth2LoginAuthenticationFilter@47b93571, org.springframework.security.web.authentication.ui.DefaultLoginPageGeneratingFilter@2c0e8fd8, org.springframework.security.web.authentication.ui.DefaultLogoutPageGeneratingFilter@214ad08f, org.springframework.security.web.savedrequest.RequestCacheAwareFilter@7be5f21f, org.springframework.security.web.servletapi.SecurityContextHolderAwareRequestFilter@74d390f4, org.springframework.security.web.authentication.AnonymousAuthenticationFilter@2f566b6a, org.springframework.security.web.session.SessionManagementFilter@582004a2, org.springframework.security.web.access.ExceptionTranslationFilter@2bd41054, org.springframework.security.web.access.intercept.FilterSecurityInterceptor@611187d2]
2020-11-07 18:00:28.797  INFO 13380 --- [    Test worker] o.s.s.concurrent.ThreadPoolTaskExecutor  : Initializing ExecutorService 'applicationTaskExecutor'
2020-11-07 18:00:28.939  WARN 13380 --- [    Test worker] aWebConfiguration$JpaWebMvcConfiguration : spring.jpa.open-in-view is enabled by default. Therefore, database queries may be performed during view rendering. Explicitly configure spring.jpa.open-in-view to disable this warning
2020-11-07 18:00:29.047  INFO 13380 --- [    Test worker] o.s.b.a.w.s.WelcomePageHandlerMapping    : Adding welcome page template: index
2020-11-07 18:00:30.163  INFO 13380 --- [    Test worker] s.a.ScheduledAnnotationBeanPostProcessor : No TaskScheduler/ScheduledExecutorService bean found for scheduled processing
2020-11-07 18:00:30.240  INFO 13380 --- [    Test worker] o.s.b.w.embedded.tomcat.TomcatWebServer  : Tomcat started on port(s): 3845 (http) with context path ''
2020-11-07 18:00:30.243  INFO 13380 --- [    Test worker] c.e.m.s.web.indexControllerTest          : Started indexControllerTest in 13.475 seconds (JVM running for 23.907)
2020-11-07 18:00:30.513  INFO 13380 --- [o-auto-1-exec-3] o.a.c.c.C.[Tomcat].[localhost].[/]       : Initializing Spring DispatcherServlet 'dispatcherServlet'
2020-11-07 18:00:30.514  INFO 13380 --- [o-auto-1-exec-3] o.s.web.servlet.DispatcherServlet        : Initializing Servlet 'dispatcherServlet'
2020-11-07 18:00:30.569  INFO 13380 --- [o-auto-1-exec-3] o.s.web.servlet.DispatcherServlet        : Completed initialization in 55 ms
Hibernate: select posts0_.id as id1_0_, posts0_.created_date as created_2_0_, posts0_.modified_date as modified3_0_, posts0_.author as author4_0_, posts0_.content as content5_0_, posts0_.title as title6_0_ from posts posts0_ order by posts0_.id DESC
]]></system-out>
  <system-err><![CDATA[]]></system-err>
</testsuite>
