<?xml version="1.0" encoding="UTF-8"?>
<testsuite name="com.example.main.springboot.web.dto.HelloControllerDtoTest" tests="1" skipped="0" failures="0" errors="0" timestamp="2021-01-13T05:49:07" hostname="DESKTOP-HPA3H7F" time="0.009">
  <properties/>
  <testcase name="lombok_test" classname="com.example.main.springboot.web.dto.HelloControllerDtoTest" time="0.009"/>
  <system-out><![CDATA[]]></system-out>
  <system-err><![CDATA[]]></system-err>
</testsuite>
