<?xml version="1.0" encoding="UTF-8"?>
<testsuite name="com.example.main.springboot.web.dto.HelloControllerDtoTest" tests="1" skipped="0" failures="0" errors="0" timestamp="2020-11-07T09:00:34" hostname="DESKTOP-HPA3H7F" time="0.007">
  <properties/>
  <testcase name="lombok_test" classname="com.example.main.springboot.web.dto.HelloControllerDtoTest" time="0.007"/>
  <system-out><![CDATA[]]></system-out>
  <system-err><![CDATA[]]></system-err>
</testsuite>
