<?xml version="1.0" encoding="UTF-8"?>
<testsuite name="com.example.main.springboot.web.domain.posts.PostsRepositoryTest" tests="3" skipped="0" failures="0" errors="0" timestamp="2021-01-13T05:49:06" hostname="DESKTOP-HPA3H7F" time="0.524">
  <properties/>
  <testcase name="testQueryDSL" classname="com.example.main.springboot.web.domain.posts.PostsRepositoryTest" time="0.198"/>
  <testcase name="board_save_load" classname="com.example.main.springboot.web.domain.posts.PostsRepositoryTest" time="0.274"/>
  <testcase name="BaseTimeEntity_assign" classname="com.example.main.springboot.web.domain.posts.PostsRepositoryTest" time="0.049"/>
  <system-out><![CDATA[14:48:45.535 [Test worker] DEBUG org.springframework.test.context.junit4.SpringJUnit4ClassRunner - SpringJUnit4ClassRunner constructor called with [class com.example.main.springboot.web.domain.posts.PostsRepositoryTest]
14:48:45.552 [Test worker] DEBUG org.springframework.test.context.BootstrapUtils - Instantiating CacheAwareContextLoaderDelegate from class [org.springframework.test.context.cache.DefaultCacheAwareContextLoaderDelegate]
14:48:45.571 [Test worker] DEBUG org.springframework.test.context.BootstrapUtils - Instantiating BootstrapContext using constructor [public org.springframework.test.context.support.DefaultBootstrapContext(java.lang.Class,org.springframework.test.context.CacheAwareContextLoaderDelegate)]
14:48:45.644 [Test worker] DEBUG org.springframework.test.context.BootstrapUtils - Instantiating TestContextBootstrapper for test class [com.example.main.springboot.web.domain.posts.PostsRepositoryTest] from class [org.springframework.boot.test.context.SpringBootTestContextBootstrapper]
14:48:45.665 [Test worker] INFO org.springframework.boot.test.context.SpringBootTestContextBootstrapper - Neither @ContextConfiguration nor @ContextHierarchy found for test class [com.example.main.springboot.web.domain.posts.PostsRepositoryTest], using SpringBootContextLoader
14:48:45.671 [Test worker] DEBUG org.springframework.test.context.support.AbstractContextLoader - Did not detect default resource location for test class [com.example.main.springboot.web.domain.posts.PostsRepositoryTest]: class path resource [com/example/main/springboot/web/domain/posts/PostsRepositoryTest-context.xml] does not exist
14:48:45.672 [Test worker] DEBUG org.springframework.test.context.support.AbstractContextLoader - Did not detect default resource location for test class [com.example.main.springboot.web.domain.posts.PostsRepositoryTest]: class path resource [com/example/main/springboot/web/domain/posts/PostsRepositoryTestContext.groovy] does not exist
14:48:45.673 [Test worker] INFO org.springframework.test.context.support.AbstractContextLoader - Could not detect default resource locations for test class [com.example.main.springboot.web.domain.posts.PostsRepositoryTest]: no resource found for suffixes {-context.xml, Context.groovy}.
14:48:45.674 [Test worker] INFO org.springframework.test.context.support.AnnotationConfigContextLoaderUtils - Could not detect default configuration classes for test class [com.example.main.springboot.web.domain.posts.PostsRepositoryTest]: PostsRepositoryTest does not declare any static, non-private, non-final, nested classes annotated with @Configuration.
14:48:45.746 [Test worker] DEBUG org.springframework.test.context.support.ActiveProfilesUtils - Could not find an 'annotation declaring class' for annotation type [org.springframework.test.context.ActiveProfiles] and class [com.example.main.springboot.web.domain.posts.PostsRepositoryTest]
14:48:45.916 [Test worker] DEBUG org.springframework.context.annotation.ClassPathScanningCandidateComponentProvider - Identified candidate component class: file [C:\TP\build\classes\java\main\com\example\main\springboot\Application.class]
14:48:45.919 [Test worker] INFO org.springframework.boot.test.context.SpringBootTestContextBootstrapper - Found @SpringBootConfiguration com.example.main.springboot.Application for test class com.example.main.springboot.web.domain.posts.PostsRepositoryTest
14:48:46.128 [Test worker] DEBUG org.springframework.boot.test.context.SpringBootTestContextBootstrapper - @TestExecutionListeners is not present for class [com.example.main.springboot.web.domain.posts.PostsRepositoryTest]: using defaults.
14:48:46.129 [Test worker] INFO org.springframework.boot.test.context.SpringBootTestContextBootstrapper - Loaded default TestExecutionListener class names from location [META-INF/spring.factories]: [org.springframework.security.test.context.support.WithSecurityContextTestExecutionListener, org.springframework.security.test.context.support.ReactorContextTestExecutionListener, org.springframework.boot.test.autoconfigure.restdocs.RestDocsTestExecutionListener, org.springframework.boot.test.autoconfigure.web.client.MockRestServiceServerResetTestExecutionListener, org.springframework.boot.test.autoconfigure.web.servlet.MockMvcPrintOnlyOnFailureTestExecutionListener, org.springframework.boot.test.autoconfigure.web.servlet.WebDriverTestExecutionListener, org.springframework.boot.test.autoconfigure.webservices.client.MockWebServiceServerTestExecutionListener, org.springframework.boot.test.mock.mockito.MockitoTestExecutionListener, org.springframework.boot.test.mock.mockito.ResetMocksTestExecutionListener, org.springframework.test.context.web.ServletTestExecutionListener, org.springframework.test.context.support.DirtiesContextBeforeModesTestExecutionListener, org.springframework.test.context.support.DependencyInjectionTestExecutionListener, org.springframework.test.context.support.DirtiesContextTestExecutionListener, org.springframework.test.context.transaction.TransactionalTestExecutionListener, org.springframework.test.context.jdbc.SqlScriptsTestExecutionListener, org.springframework.test.context.event.EventPublishingTestExecutionListener]
14:48:46.159 [Test worker] INFO org.springframework.boot.test.context.SpringBootTestContextBootstrapper - Using TestExecutionListeners: [org.springframework.test.context.web.ServletTestExecutionListener@13563a82, org.springframework.test.context.support.DirtiesContextBeforeModesTestExecutionListener@5183064a, org.springframework.boot.test.mock.mockito.MockitoTestExecutionListener@2a78c680, org.springframework.boot.test.autoconfigure.SpringBootDependencyInjectionTestExecutionListener@326cc3be, org.springframework.test.context.support.DirtiesContextTestExecutionListener@104c6d5b, org.springframework.test.context.transaction.TransactionalTestExecutionListener@59b4984e, org.springframework.test.context.jdbc.SqlScriptsTestExecutionListener@3594093e, org.springframework.security.test.context.support.WithSecurityContextTestExecutionListener@61b15d01, org.springframework.test.context.event.EventPublishingTestExecutionListener@1264d2d9, org.springframework.security.test.context.support.ReactorContextTestExecutionListener@6f6f4e33, org.springframework.boot.test.autoconfigure.restdocs.RestDocsTestExecutionListener@7aa76719, org.springframework.boot.test.autoconfigure.web.client.MockRestServiceServerResetTestExecutionListener@11956419, org.springframework.boot.test.autoconfigure.web.servlet.MockMvcPrintOnlyOnFailureTestExecutionListener@25538ee8, org.springframework.boot.test.autoconfigure.web.servlet.WebDriverTestExecutionListener@305842a7, org.springframework.boot.test.autoconfigure.webservices.client.MockWebServiceServerTestExecutionListener@7186741a, org.springframework.boot.test.mock.mockito.ResetMocksTestExecutionListener@4b89639f]
14:48:46.163 [Test worker] DEBUG org.springframework.test.annotation.ProfileValueUtils - Retrieved @ProfileValueSourceConfiguration [null] for test class [com.example.main.springboot.web.domain.posts.PostsRepositoryTest]
14:48:46.164 [Test worker] DEBUG org.springframework.test.annotation.ProfileValueUtils - Retrieved ProfileValueSource type [class org.springframework.test.annotation.SystemProfileValueSource] for class [com.example.main.springboot.web.domain.posts.PostsRepositoryTest]
14:48:46.165 [Test worker] DEBUG org.springframework.test.annotation.ProfileValueUtils - Retrieved @ProfileValueSourceConfiguration [null] for test class [com.example.main.springboot.web.domain.posts.PostsRepositoryTest]
14:48:46.165 [Test worker] DEBUG org.springframework.test.annotation.ProfileValueUtils - Retrieved ProfileValueSource type [class org.springframework.test.annotation.SystemProfileValueSource] for class [com.example.main.springboot.web.domain.posts.PostsRepositoryTest]
14:48:46.173 [Test worker] DEBUG org.springframework.test.context.support.AbstractDirtiesContextTestExecutionListener - Before test class: context [DefaultTestContext@2186774f testClass = PostsRepositoryTest, testInstance = [null], testMethod = [null], testException = [null], mergedContextConfiguration = [WebMergedContextConfiguration@39cd1d7c testClass = PostsRepositoryTest, locations = '{}', classes = '{class com.example.main.springboot.Application}', contextInitializerClasses = '[]', activeProfiles = '{}', propertySourceLocations = '{}', propertySourceProperties = '{org.springframework.boot.test.context.SpringBootTestContextBootstrapper=true}', contextCustomizers = set[org.springframework.boot.test.autoconfigure.actuate.metrics.MetricsExportContextCustomizerFactory$DisableMetricExportContextCustomizer@6c6a2d71, org.springframework.boot.test.autoconfigure.properties.PropertyMappingContextCustomizer@0, org.springframework.boot.test.autoconfigure.web.servlet.WebDriverContextCustomizerFactory$Customizer@15a1666d, org.springframework.boot.test.context.filter.ExcludeFilterContextCustomizer@34b064b0, org.springframework.boot.test.json.DuplicateJsonObjectContextCustomizerFactory$DuplicateJsonObjectContextCustomizer@4546c2ef, org.springframework.boot.test.mock.mockito.MockitoContextCustomizer@0, org.springframework.boot.test.web.client.TestRestTemplateContextCustomizer@349af5c0, org.springframework.boot.test.web.reactive.server.WebTestClientContextCustomizer@13002023, org.springframework.boot.test.context.SpringBootTestArgs@1, org.springframework.boot.test.context.SpringBootTestWebEnvironment@32841fc7], resourceBasePath = 'src/main/webapp', contextLoader = 'org.springframework.boot.test.context.SpringBootContextLoader', parent = [null]], attributes = map['org.springframework.test.context.web.ServletTestExecutionListener.activateListener' -> true]], class annotated with @DirtiesContext [false] with mode [null].
14:48:46.176 [Test worker] DEBUG org.springframework.test.annotation.ProfileValueUtils - Retrieved @ProfileValueSourceConfiguration [null] for test class [com.example.main.springboot.web.domain.posts.PostsRepositoryTest]
14:48:46.176 [Test worker] DEBUG org.springframework.test.annotation.ProfileValueUtils - Retrieved ProfileValueSource type [class org.springframework.test.annotation.SystemProfileValueSource] for class [com.example.main.springboot.web.domain.posts.PostsRepositoryTest]
14:48:46.210 [Test worker] DEBUG org.springframework.test.context.support.TestPropertySourceUtils - Adding inlined properties to environment: {spring.jmx.enabled=false, org.springframework.boot.test.context.SpringBootTestContextBootstrapper=true}

  .   ____          _            __ _ _
 /\\ / ___'_ __ _ _(_)_ __  __ _ \ \ \ \
( ( )\___ | '_ | '_| | '_ \/ _` | \ \ \ \
 \\/  ___)| |_)| | | | | || (_| |  ) ) ) )
  '  |____| .__|_| |_|_| |_\__, | / / / /
 =========|_|==============|___/=/_/_/_/
 :: Spring Boot ::                (v2.4.0)

2021-01-13 14:48:47.008  INFO 33488 --- [    Test worker] c.e.m.s.w.d.posts.PostsRepositoryTest    : Starting PostsRepositoryTest using Java 1.8.0_231 on DESKTOP-HPA3H7F with PID 33488 (started by sein in C:\TP)
2021-01-13 14:48:47.010  INFO 33488 --- [    Test worker] c.e.m.s.w.d.posts.PostsRepositoryTest    : The following profiles are active: oauth
2021-01-13 14:48:49.598  INFO 33488 --- [    Test worker] .s.d.r.c.RepositoryConfigurationDelegate : Bootstrapping Spring Data JPA repositories in DEFERRED mode.
2021-01-13 14:48:50.024  INFO 33488 --- [    Test worker] .s.d.r.c.RepositoryConfigurationDelegate : Finished Spring Data repository scanning in 398 ms. Found 3 JPA repository interfaces.
2021-01-13 14:48:52.502  INFO 33488 --- [    Test worker] o.s.s.concurrent.ThreadPoolTaskExecutor  : Initializing ExecutorService 'applicationTaskExecutor'
2021-01-13 14:48:52.560  INFO 33488 --- [    Test worker] com.zaxxer.hikari.HikariDataSource       : HikariPool-1 - Starting...
2021-01-13 14:48:53.081  INFO 33488 --- [    Test worker] com.zaxxer.hikari.HikariDataSource       : HikariPool-1 - Start completed.
2021-01-13 14:48:53.746  INFO 33488 --- [         task-1] o.hibernate.jpa.internal.util.LogHelper  : HHH000204: Processing PersistenceUnitInfo [name: default]
2021-01-13 14:48:54.295  INFO 33488 --- [         task-1] org.hibernate.Version                    : HHH000412: Hibernate ORM core version 5.4.23.Final
2021-01-13 14:48:54.434  WARN 33488 --- [    Test worker] JpaBaseConfiguration$JpaWebConfiguration : spring.jpa.open-in-view is enabled by default. Therefore, database queries may be performed during view rendering. Explicitly configure spring.jpa.open-in-view to disable this warning
2021-01-13 14:48:55.414  INFO 33488 --- [         task-1] o.hibernate.annotations.common.Version   : HCANN000001: Hibernate Commons Annotations {5.1.2.Final}
2021-01-13 14:48:56.175  INFO 33488 --- [         task-1] org.hibernate.dialect.Dialect            : HHH000400: Using dialect: org.hibernate.dialect.MySQL5InnoDBDialect
Hibernate: drop table if exists cities
Hibernate: drop table if exists hibernate_sequence
Hibernate: drop table if exists posts
Hibernate: drop table if exists user
Hibernate: create table cities (id bigint not null, name varchar(500) not null, population integer, primary key (id)) engine=InnoDB
Hibernate: create table hibernate_sequence (next_val bigint) engine=InnoDB
Hibernate: insert into hibernate_sequence values ( 1 )
Hibernate: create table posts (id bigint not null auto_increment, created_date datetime, modified_date datetime, author varchar(255), content TEXT not null, title varchar(500) not null, primary key (id)) engine=InnoDB
Hibernate: create table user (id bigint not null auto_increment, created_date datetime, modified_date datetime, email varchar(255) not null, name varchar(255) not null, picture varchar(255), role varchar(255) not null, primary key (id)) engine=InnoDB
2021-01-13 14:48:59.509  INFO 33488 --- [         task-1] o.h.e.t.j.p.i.JtaPlatformInitiator       : HHH000490: Using JtaPlatform implementation: [org.hibernate.engine.transaction.jta.platform.internal.NoJtaPlatform]
2021-01-13 14:48:59.556  INFO 33488 --- [         task-1] j.LocalContainerEntityManagerFactoryBean : Initialized JPA EntityManagerFactory for persistence unit 'default'
2021-01-13 14:49:01.076  INFO 33488 --- [    Test worker] o.s.s.web.DefaultSecurityFilterChain     : Will secure any request with [org.springframework.security.web.context.request.async.WebAsyncManagerIntegrationFilter@2b3fa3b1, org.springframework.security.web.context.SecurityContextPersistenceFilter@b0f0e24, org.springframework.security.web.header.HeaderWriterFilter@549e12f, org.springframework.security.web.authentication.logout.LogoutFilter@32e545ba, org.springframework.security.oauth2.client.web.OAuth2AuthorizationRequestRedirectFilter@4ae2b70b, org.springframework.security.oauth2.client.web.OAuth2LoginAuthenticationFilter@3503b344, org.springframework.security.web.authentication.ui.DefaultLoginPageGeneratingFilter@d607f01, org.springframework.security.web.authentication.ui.DefaultLogoutPageGeneratingFilter@5dab15aa, org.springframework.security.web.savedrequest.RequestCacheAwareFilter@455be22a, org.springframework.security.web.servletapi.SecurityContextHolderAwareRequestFilter@4bfb9a69, org.springframework.security.web.authentication.AnonymousAuthenticationFilter@4e9ac89, org.springframework.security.web.session.SessionManagementFilter@27f199a5, org.springframework.security.web.access.ExceptionTranslationFilter@6dbdd29a, org.springframework.security.web.access.intercept.FilterSecurityInterceptor@3f16a532]
2021-01-13 14:49:03.758  INFO 33488 --- [    Test worker] o.s.b.a.h2.H2ConsoleAutoConfiguration    : H2 console available at '/h2-console'. Database available at 'jdbc:h2:mem:43c990fe-9327-4ce4-9677-d333720e147a'
2021-01-13 14:49:04.003  INFO 33488 --- [    Test worker] o.s.b.a.w.s.WelcomePageHandlerMapping    : Adding welcome page template: index
2021-01-13 14:49:05.925  INFO 33488 --- [    Test worker] DeferredRepositoryInitializationListener : Triggering deferred initialization of Spring Data repositories…
2021-01-13 14:49:06.364  INFO 33488 --- [    Test worker] DeferredRepositoryInitializationListener : Spring Data repositories initialized!
2021-01-13 14:49:06.383  INFO 33488 --- [    Test worker] s.a.ScheduledAnnotationBeanPostProcessor : No TaskScheduler/ScheduledExecutorService bean found for scheduled processing
2021-01-13 14:49:06.397  INFO 33488 --- [    Test worker] c.e.m.s.w.d.posts.PostsRepositoryTest    : Started PostsRepositoryTest in 20.178 seconds (JVM running for 27.331)
Hibernate: select posts0_.id as id1_1_, posts0_.created_date as created_2_1_, posts0_.modified_date as modified3_1_, posts0_.author as author4_1_, posts0_.content as content5_1_, posts0_.title as title6_1_ from posts posts0_
Hibernate: insert into posts (created_date, modified_date, author, content, title) values (?, ?, ?, ?, ?)
Hibernate: select posts0_.id as id1_1_, posts0_.created_date as created_2_1_, posts0_.modified_date as modified3_1_, posts0_.author as author4_1_, posts0_.content as content5_1_, posts0_.title as title6_1_ from posts posts0_
Hibernate: select posts0_.id as id1_1_, posts0_.created_date as created_2_1_, posts0_.modified_date as modified3_1_, posts0_.author as author4_1_, posts0_.content as content5_1_, posts0_.title as title6_1_ from posts posts0_
Hibernate: delete from posts where id=?
Hibernate: insert into posts (created_date, modified_date, author, content, title) values (?, ?, ?, ?, ?)
Hibernate: select posts0_.id as id1_1_, posts0_.created_date as created_2_1_, posts0_.modified_date as modified3_1_, posts0_.author as author4_1_, posts0_.content as content5_1_, posts0_.title as title6_1_ from posts posts0_
>>>>>>>>>>>>>CreatDate=2021-01-13T14:49:06.911, modifiedDate=2021-01-13T14:49:06.911
Hibernate: select posts0_.id as id1_1_, posts0_.created_date as created_2_1_, posts0_.modified_date as modified3_1_, posts0_.author as author4_1_, posts0_.content as content5_1_, posts0_.title as title6_1_ from posts posts0_
Hibernate: delete from posts where id=?
]]></system-out>
  <system-err><![CDATA[]]></system-err>
</testsuite>
