<?xml version="1.0" encoding="UTF-8"?>
<testsuite name="com.example.main.springboot.web.HelloControllerTest" tests="2" skipped="0" failures="0" errors="0" timestamp="2021-01-13T05:49:10" hostname="DESKTOP-HPA3H7F" time="0.58">
  <properties/>
  <testcase name="helloDto_return" classname="com.example.main.springboot.web.HelloControllerTest" time="0.554"/>
  <testcase name="hello_return" classname="com.example.main.springboot.web.HelloControllerTest" time="0.024"/>
  <system-out><![CDATA[2021-01-13 14:49:07.046  INFO 33488 --- [    Test worker] .b.t.a.w.s.WebMvcTestContextBootstrapper : Neither @ContextConfiguration nor @ContextHierarchy found for test class [com.example.main.springboot.web.HelloControllerTest], using SpringBootContextLoader
2021-01-13 14:49:07.054  INFO 33488 --- [    Test worker] o.s.t.c.support.AbstractContextLoader    : Could not detect default resource locations for test class [com.example.main.springboot.web.HelloControllerTest]: no resource found for suffixes {-context.xml, Context.groovy}.
2021-01-13 14:49:07.063  INFO 33488 --- [    Test worker] t.c.s.AnnotationConfigContextLoaderUtils : Could not detect default configuration classes for test class [com.example.main.springboot.web.HelloControllerTest]: HelloControllerTest does not declare any static, non-private, non-final, nested classes annotated with @Configuration.
2021-01-13 14:49:07.166  INFO 33488 --- [    Test worker] .b.t.c.SpringBootTestContextBootstrapper : Found @SpringBootConfiguration com.example.main.springboot.Application for test class com.example.main.springboot.web.HelloControllerTest
2021-01-13 14:49:07.170  INFO 33488 --- [    Test worker] .b.t.a.w.s.WebMvcTestContextBootstrapper : Loaded default TestExecutionListener class names from location [META-INF/spring.factories]: [org.springframework.security.test.context.support.WithSecurityContextTestExecutionListener, org.springframework.security.test.context.support.ReactorContextTestExecutionListener, org.springframework.boot.test.autoconfigure.restdocs.RestDocsTestExecutionListener, org.springframework.boot.test.autoconfigure.web.client.MockRestServiceServerResetTestExecutionListener, org.springframework.boot.test.autoconfigure.web.servlet.MockMvcPrintOnlyOnFailureTestExecutionListener, org.springframework.boot.test.autoconfigure.web.servlet.WebDriverTestExecutionListener, org.springframework.boot.test.autoconfigure.webservices.client.MockWebServiceServerTestExecutionListener, org.springframework.boot.test.mock.mockito.MockitoTestExecutionListener, org.springframework.boot.test.mock.mockito.ResetMocksTestExecutionListener, org.springframework.test.context.web.ServletTestExecutionListener, org.springframework.test.context.support.DirtiesContextBeforeModesTestExecutionListener, org.springframework.test.context.support.DependencyInjectionTestExecutionListener, org.springframework.test.context.support.DirtiesContextTestExecutionListener, org.springframework.test.context.transaction.TransactionalTestExecutionListener, org.springframework.test.context.jdbc.SqlScriptsTestExecutionListener, org.springframework.test.context.event.EventPublishingTestExecutionListener]
2021-01-13 14:49:07.173  INFO 33488 --- [    Test worker] .b.t.a.w.s.WebMvcTestContextBootstrapper : Using TestExecutionListeners: [org.springframework.test.context.web.ServletTestExecutionListener@13b23f11, org.springframework.test.context.support.DirtiesContextBeforeModesTestExecutionListener@5500bd5f, org.springframework.boot.test.mock.mockito.MockitoTestExecutionListener@74577f6d, org.springframework.boot.test.autoconfigure.SpringBootDependencyInjectionTestExecutionListener@5bdbad34, org.springframework.test.context.support.DirtiesContextTestExecutionListener@59135be9, org.springframework.test.context.transaction.TransactionalTestExecutionListener@9a9efd1, org.springframework.test.context.jdbc.SqlScriptsTestExecutionListener@464a459e, org.springframework.security.test.context.support.WithSecurityContextTestExecutionListener@407ee26e, org.springframework.test.context.event.EventPublishingTestExecutionListener@3f1359b, org.springframework.security.test.context.support.ReactorContextTestExecutionListener@45e08553, org.springframework.boot.test.autoconfigure.restdocs.RestDocsTestExecutionListener@51124ec4, org.springframework.boot.test.autoconfigure.web.client.MockRestServiceServerResetTestExecutionListener@66c8bb1a, org.springframework.boot.test.autoconfigure.web.servlet.MockMvcPrintOnlyOnFailureTestExecutionListener@6c1f17b5, org.springframework.boot.test.autoconfigure.web.servlet.WebDriverTestExecutionListener@2d14cd78, org.springframework.boot.test.autoconfigure.webservices.client.MockWebServiceServerTestExecutionListener@6eb3d270, org.springframework.boot.test.mock.mockito.ResetMocksTestExecutionListener@4d00a4d7]

  .   ____          _            __ _ _
 /\\ / ___'_ __ _ _(_)_ __  __ _ \ \ \ \
( ( )\___ | '_ | '_| | '_ \/ _` | \ \ \ \
 \\/  ___)| |_)| | | | | || (_| |  ) ) ) )
  '  |____| .__|_| |_|_| |_\__, | / / / /
 =========|_|==============|___/=/_/_/_/
 :: Spring Boot ::                (v2.4.0)

2021-01-13 14:49:07.329  INFO 33488 --- [    Test worker] c.e.m.s.web.HelloControllerTest          : Starting HelloControllerTest using Java 1.8.0_231 on DESKTOP-HPA3H7F with PID 33488 (started by sein in C:\TP)
2021-01-13 14:49:07.330  INFO 33488 --- [    Test worker] c.e.m.s.web.HelloControllerTest          : The following profiles are active: oauth
2021-01-13 14:49:08.682  INFO 33488 --- [    Test worker] o.s.s.concurrent.ThreadPoolTaskExecutor  : Initializing ExecutorService 'applicationTaskExecutor'
2021-01-13 14:49:08.847  INFO 33488 --- [    Test worker] o.s.b.a.w.s.WelcomePageHandlerMapping    : Adding welcome page template: index
2021-01-13 14:49:10.016  INFO 33488 --- [    Test worker] o.s.s.web.DefaultSecurityFilterChain     : Will secure any request with [org.springframework.security.web.context.request.async.WebAsyncManagerIntegrationFilter@3a1d3e2, org.springframework.security.web.context.SecurityContextPersistenceFilter@55bce3c1, org.springframework.security.web.header.HeaderWriterFilter@5e27335b, org.springframework.security.web.csrf.CsrfFilter@4d684f7a, org.springframework.security.web.authentication.logout.LogoutFilter@228145c2, org.springframework.security.oauth2.client.web.OAuth2AuthorizationRequestRedirectFilter@7e6487bb, org.springframework.security.oauth2.client.web.OAuth2AuthorizationRequestRedirectFilter@3faea5d5, org.springframework.security.oauth2.client.web.OAuth2LoginAuthenticationFilter@296345e, org.springframework.security.web.authentication.ui.DefaultLoginPageGeneratingFilter@241d8b6d, org.springframework.security.web.authentication.ui.DefaultLogoutPageGeneratingFilter@7c83efd, org.springframework.security.web.savedrequest.RequestCacheAwareFilter@7b5fb8bf, org.springframework.security.web.servletapi.SecurityContextHolderAwareRequestFilter@1c05f164, org.springframework.security.web.authentication.AnonymousAuthenticationFilter@462c767, org.springframework.security.oauth2.client.web.OAuth2AuthorizationCodeGrantFilter@41685823, org.springframework.security.web.session.SessionManagementFilter@51bba47a, org.springframework.security.web.access.ExceptionTranslationFilter@53efa445, org.springframework.security.web.access.intercept.FilterSecurityInterceptor@6f573012]
2021-01-13 14:49:10.279  INFO 33488 --- [    Test worker] o.s.b.t.m.w.SpringBootMockServletContext : Initializing Spring TestDispatcherServlet ''
2021-01-13 14:49:10.280  INFO 33488 --- [    Test worker] o.s.t.web.servlet.TestDispatcherServlet  : Initializing Servlet ''
2021-01-13 14:49:10.281  INFO 33488 --- [    Test worker] o.s.t.web.servlet.TestDispatcherServlet  : Completed initialization in 1 ms
2021-01-13 14:49:10.313  INFO 33488 --- [    Test worker] c.e.m.s.web.HelloControllerTest          : Started HelloControllerTest in 3.133 seconds (JVM running for 31.247)
]]></system-out>
  <system-err><![CDATA[]]></system-err>
</testsuite>
