<?xml version="1.0" encoding="UTF-8"?>
<testsuite name="com.example.main.springboot.web.PostsApiControllerTest" tests="2" skipped="0" failures="0" errors="0" timestamp="2021-01-13T05:49:17" hostname="DESKTOP-HPA3H7F" time="0.391">
  <properties/>
  <testcase name="Posts_insert" classname="com.example.main.springboot.web.PostsApiControllerTest" time="0.318"/>
  <testcase name="Posts_update" classname="com.example.main.springboot.web.PostsApiControllerTest" time="0.071"/>
  <system-out><![CDATA[2021-01-13 14:49:17.748  INFO 33488 --- [    Test worker] .b.t.c.SpringBootTestContextBootstrapper : Neither @ContextConfiguration nor @ContextHierarchy found for test class [com.example.main.springboot.web.PostsApiControllerTest], using SpringBootContextLoader
2021-01-13 14:49:17.750  INFO 33488 --- [    Test worker] o.s.t.c.support.AbstractContextLoader    : Could not detect default resource locations for test class [com.example.main.springboot.web.PostsApiControllerTest]: no resource found for suffixes {-context.xml, Context.groovy}.
2021-01-13 14:49:17.751  INFO 33488 --- [    Test worker] t.c.s.AnnotationConfigContextLoaderUtils : Could not detect default configuration classes for test class [com.example.main.springboot.web.PostsApiControllerTest]: PostsApiControllerTest does not declare any static, non-private, non-final, nested classes annotated with @Configuration.
2021-01-13 14:49:17.755  INFO 33488 --- [    Test worker] .b.t.c.SpringBootTestContextBootstrapper : Found @SpringBootConfiguration com.example.main.springboot.Application for test class com.example.main.springboot.web.PostsApiControllerTest
2021-01-13 14:49:17.759  INFO 33488 --- [    Test worker] .b.t.c.SpringBootTestContextBootstrapper : Loaded default TestExecutionListener class names from location [META-INF/spring.factories]: [org.springframework.security.test.context.support.WithSecurityContextTestExecutionListener, org.springframework.security.test.context.support.ReactorContextTestExecutionListener, org.springframework.boot.test.autoconfigure.restdocs.RestDocsTestExecutionListener, org.springframework.boot.test.autoconfigure.web.client.MockRestServiceServerResetTestExecutionListener, org.springframework.boot.test.autoconfigure.web.servlet.MockMvcPrintOnlyOnFailureTestExecutionListener, org.springframework.boot.test.autoconfigure.web.servlet.WebDriverTestExecutionListener, org.springframework.boot.test.autoconfigure.webservices.client.MockWebServiceServerTestExecutionListener, org.springframework.boot.test.mock.mockito.MockitoTestExecutionListener, org.springframework.boot.test.mock.mockito.ResetMocksTestExecutionListener, org.springframework.test.context.web.ServletTestExecutionListener, org.springframework.test.context.support.DirtiesContextBeforeModesTestExecutionListener, org.springframework.test.context.support.DependencyInjectionTestExecutionListener, org.springframework.test.context.support.DirtiesContextTestExecutionListener, org.springframework.test.context.transaction.TransactionalTestExecutionListener, org.springframework.test.context.jdbc.SqlScriptsTestExecutionListener, org.springframework.test.context.event.EventPublishingTestExecutionListener]
2021-01-13 14:49:17.761  INFO 33488 --- [    Test worker] .b.t.c.SpringBootTestContextBootstrapper : Using TestExecutionListeners: [org.springframework.test.context.web.ServletTestExecutionListener@2bee74ba, org.springframework.test.context.support.DirtiesContextBeforeModesTestExecutionListener@38407318, org.springframework.boot.test.mock.mockito.MockitoTestExecutionListener@4e30ecda, org.springframework.boot.test.autoconfigure.SpringBootDependencyInjectionTestExecutionListener@77422c35, org.springframework.test.context.support.DirtiesContextTestExecutionListener@2fd1ddc3, org.springframework.test.context.transaction.TransactionalTestExecutionListener@14b2b392, org.springframework.test.context.jdbc.SqlScriptsTestExecutionListener@5dadcbe2, org.springframework.security.test.context.support.WithSecurityContextTestExecutionListener@3b6877e6, org.springframework.test.context.event.EventPublishingTestExecutionListener@1af68a8d, org.springframework.security.test.context.support.ReactorContextTestExecutionListener@1bd99462, org.springframework.boot.test.autoconfigure.restdocs.RestDocsTestExecutionListener@2898ae20, org.springframework.boot.test.autoconfigure.web.client.MockRestServiceServerResetTestExecutionListener@50373b92, org.springframework.boot.test.autoconfigure.web.servlet.MockMvcPrintOnlyOnFailureTestExecutionListener@7ebb71fb, org.springframework.boot.test.autoconfigure.web.servlet.WebDriverTestExecutionListener@299680ca, org.springframework.boot.test.autoconfigure.webservices.client.MockWebServiceServerTestExecutionListener@4492c276, org.springframework.boot.test.mock.mockito.ResetMocksTestExecutionListener@2d909add]
2021-01-13 14:49:17.794  INFO 33488 --- [    Test worker] o.a.c.c.C.[Tomcat].[localhost].[/]       : Initializing Spring TestDispatcherServlet ''
2021-01-13 14:49:17.795  INFO 33488 --- [    Test worker] o.s.t.web.servlet.TestDispatcherServlet  : Initializing Servlet ''
2021-01-13 14:49:17.796  INFO 33488 --- [    Test worker] o.s.t.web.servlet.TestDispatcherServlet  : Completed initialization in 1 ms
Hibernate: insert into posts (created_date, modified_date, author, content, title) values (?, ?, ?, ?, ?)
Hibernate: select posts0_.id as id1_1_, posts0_.created_date as created_2_1_, posts0_.modified_date as modified3_1_, posts0_.author as author4_1_, posts0_.content as content5_1_, posts0_.title as title6_1_ from posts posts0_
Hibernate: select posts0_.id as id1_1_, posts0_.created_date as created_2_1_, posts0_.modified_date as modified3_1_, posts0_.author as author4_1_, posts0_.content as content5_1_, posts0_.title as title6_1_ from posts posts0_
Hibernate: delete from posts where id=?
2021-01-13 14:49:18.094  INFO 33488 --- [    Test worker] o.a.c.c.C.[Tomcat].[localhost].[/]       : Initializing Spring TestDispatcherServlet ''
2021-01-13 14:49:18.095  INFO 33488 --- [    Test worker] o.s.t.web.servlet.TestDispatcherServlet  : Initializing Servlet ''
2021-01-13 14:49:18.096  INFO 33488 --- [    Test worker] o.s.t.web.servlet.TestDispatcherServlet  : Completed initialization in 1 ms
Hibernate: insert into posts (created_date, modified_date, author, content, title) values (?, ?, ?, ?, ?)
Hibernate: select posts0_.id as id1_1_0_, posts0_.created_date as created_2_1_0_, posts0_.modified_date as modified3_1_0_, posts0_.author as author4_1_0_, posts0_.content as content5_1_0_, posts0_.title as title6_1_0_ from posts posts0_ where posts0_.id=?
Hibernate: update posts set created_date=?, modified_date=?, author=?, content=?, title=? where id=?
Hibernate: select posts0_.id as id1_1_, posts0_.created_date as created_2_1_, posts0_.modified_date as modified3_1_, posts0_.author as author4_1_, posts0_.content as content5_1_, posts0_.title as title6_1_ from posts posts0_
Hibernate: select posts0_.id as id1_1_, posts0_.created_date as created_2_1_, posts0_.modified_date as modified3_1_, posts0_.author as author4_1_, posts0_.content as content5_1_, posts0_.title as title6_1_ from posts posts0_
Hibernate: delete from posts where id=?
]]></system-out>
  <system-err><![CDATA[]]></system-err>
</testsuite>
