<?xml version="1.0" encoding="UTF-8"?>
<testsuite name="com.example.main.springboot.web.indexControllerTest" tests="1" skipped="0" failures="0" errors="0" timestamp="2021-01-13T05:49:17" hostname="DESKTOP-HPA3H7F" time="0.619">
  <properties/>
  <testcase name="MainPage_Loading" classname="com.example.main.springboot.web.indexControllerTest" time="0.619"/>
  <system-out><![CDATA[2021-01-13 14:49:10.909  INFO 33488 --- [    Test worker] .b.t.c.SpringBootTestContextBootstrapper : Neither @ContextConfiguration nor @ContextHierarchy found for test class [com.example.main.springboot.web.indexControllerTest], using SpringBootContextLoader
2021-01-13 14:49:10.912  INFO 33488 --- [    Test worker] o.s.t.c.support.AbstractContextLoader    : Could not detect default resource locations for test class [com.example.main.springboot.web.indexControllerTest]: no resource found for suffixes {-context.xml, Context.groovy}.
2021-01-13 14:49:10.912  INFO 33488 --- [    Test worker] t.c.s.AnnotationConfigContextLoaderUtils : Could not detect default configuration classes for test class [com.example.main.springboot.web.indexControllerTest]: indexControllerTest does not declare any static, non-private, non-final, nested classes annotated with @Configuration.
2021-01-13 14:49:10.916  INFO 33488 --- [    Test worker] .b.t.c.SpringBootTestContextBootstrapper : Found @SpringBootConfiguration com.example.main.springboot.Application for test class com.example.main.springboot.web.indexControllerTest
2021-01-13 14:49:10.920  INFO 33488 --- [    Test worker] .b.t.c.SpringBootTestContextBootstrapper : Loaded default TestExecutionListener class names from location [META-INF/spring.factories]: [org.springframework.security.test.context.support.WithSecurityContextTestExecutionListener, org.springframework.security.test.context.support.ReactorContextTestExecutionListener, org.springframework.boot.test.autoconfigure.restdocs.RestDocsTestExecutionListener, org.springframework.boot.test.autoconfigure.web.client.MockRestServiceServerResetTestExecutionListener, org.springframework.boot.test.autoconfigure.web.servlet.MockMvcPrintOnlyOnFailureTestExecutionListener, org.springframework.boot.test.autoconfigure.web.servlet.WebDriverTestExecutionListener, org.springframework.boot.test.autoconfigure.webservices.client.MockWebServiceServerTestExecutionListener, org.springframework.boot.test.mock.mockito.MockitoTestExecutionListener, org.springframework.boot.test.mock.mockito.ResetMocksTestExecutionListener, org.springframework.test.context.web.ServletTestExecutionListener, org.springframework.test.context.support.DirtiesContextBeforeModesTestExecutionListener, org.springframework.test.context.support.DependencyInjectionTestExecutionListener, org.springframework.test.context.support.DirtiesContextTestExecutionListener, org.springframework.test.context.transaction.TransactionalTestExecutionListener, org.springframework.test.context.jdbc.SqlScriptsTestExecutionListener, org.springframework.test.context.event.EventPublishingTestExecutionListener]
2021-01-13 14:49:10.922  INFO 33488 --- [    Test worker] .b.t.c.SpringBootTestContextBootstrapper : Using TestExecutionListeners: [org.springframework.test.context.web.ServletTestExecutionListener@22141bd, org.springframework.test.context.support.DirtiesContextBeforeModesTestExecutionListener@78ed8b5c, org.springframework.boot.test.mock.mockito.MockitoTestExecutionListener@7084a2ea, org.springframework.boot.test.autoconfigure.SpringBootDependencyInjectionTestExecutionListener@38e974bb, org.springframework.test.context.support.DirtiesContextTestExecutionListener@30cdf6b2, org.springframework.test.context.transaction.TransactionalTestExecutionListener@246e2c9c, org.springframework.test.context.jdbc.SqlScriptsTestExecutionListener@71284909, org.springframework.security.test.context.support.WithSecurityContextTestExecutionListener@217b73b, org.springframework.test.context.event.EventPublishingTestExecutionListener@5d30b9ad, org.springframework.security.test.context.support.ReactorContextTestExecutionListener@86f645b, org.springframework.boot.test.autoconfigure.restdocs.RestDocsTestExecutionListener@3bbc145e, org.springframework.boot.test.autoconfigure.web.client.MockRestServiceServerResetTestExecutionListener@42dd27d, org.springframework.boot.test.autoconfigure.web.servlet.MockMvcPrintOnlyOnFailureTestExecutionListener@5c88fe84, org.springframework.boot.test.autoconfigure.web.servlet.WebDriverTestExecutionListener@2f3604f2, org.springframework.boot.test.autoconfigure.webservices.client.MockWebServiceServerTestExecutionListener@74f3ebae, org.springframework.boot.test.mock.mockito.ResetMocksTestExecutionListener@1e276177]

  .   ____          _            __ _ _
 /\\ / ___'_ __ _ _(_)_ __  __ _ \ \ \ \
( ( )\___ | '_ | '_| | '_ \/ _` | \ \ \ \
 \\/  ___)| |_)| | | | | || (_| |  ) ) ) )
  '  |____| .__|_| |_|_| |_\__, | / / / /
 =========|_|==============|___/=/_/_/_/
 :: Spring Boot ::                (v2.4.0)

2021-01-13 14:49:11.026  INFO 33488 --- [    Test worker] c.e.m.s.web.indexControllerTest          : Starting indexControllerTest using Java 1.8.0_231 on DESKTOP-HPA3H7F with PID 33488 (started by sein in C:\TP)
2021-01-13 14:49:11.027  INFO 33488 --- [    Test worker] c.e.m.s.web.indexControllerTest          : The following profiles are active: oauth
2021-01-13 14:49:11.908  INFO 33488 --- [    Test worker] .s.d.r.c.RepositoryConfigurationDelegate : Bootstrapping Spring Data JPA repositories in DEFERRED mode.
2021-01-13 14:49:12.064  INFO 33488 --- [    Test worker] .s.d.r.c.RepositoryConfigurationDelegate : Finished Spring Data repository scanning in 155 ms. Found 3 JPA repository interfaces.
2021-01-13 14:49:12.749  INFO 33488 --- [    Test worker] o.s.b.w.embedded.tomcat.TomcatWebServer  : Tomcat initialized with port(s): 0 (http)
2021-01-13 14:49:12.766  INFO 33488 --- [    Test worker] o.apache.catalina.core.StandardService   : Starting service [Tomcat]
2021-01-13 14:49:12.767  INFO 33488 --- [    Test worker] org.apache.catalina.core.StandardEngine  : Starting Servlet engine: [Apache Tomcat/9.0.39]
2021-01-13 14:49:13.073  INFO 33488 --- [    Test worker] o.a.c.c.C.[Tomcat].[localhost].[/]       : Initializing Spring embedded WebApplicationContext
2021-01-13 14:49:13.074  INFO 33488 --- [    Test worker] w.s.c.ServletWebServerApplicationContext : Root WebApplicationContext: initialization completed in 2042 ms
2021-01-13 14:49:13.139  INFO 33488 --- [    Test worker] com.zaxxer.hikari.HikariDataSource       : HikariPool-2 - Starting...
2021-01-13 14:49:13.146  INFO 33488 --- [    Test worker] com.zaxxer.hikari.HikariDataSource       : HikariPool-2 - Start completed.
2021-01-13 14:49:13.147  INFO 33488 --- [    Test worker] o.s.b.a.h2.H2ConsoleAutoConfiguration    : H2 console available at '/h2-console'. Database available at 'jdbc:h2:mem:d199a230-880d-415f-9963-f7fee3955840'
2021-01-13 14:49:13.387  INFO 33488 --- [    Test worker] o.s.s.concurrent.ThreadPoolTaskExecutor  : Initializing ExecutorService 'applicationTaskExecutor'
2021-01-13 14:49:13.443  INFO 33488 --- [         task-1] o.hibernate.jpa.internal.util.LogHelper  : HHH000204: Processing PersistenceUnitInfo [name: default]
2021-01-13 14:49:13.455  INFO 33488 --- [         task-1] org.hibernate.dialect.Dialect            : HHH000400: Using dialect: org.hibernate.dialect.MySQL5InnoDBDialect
Hibernate: drop table if exists cities
Hibernate: drop table if exists hibernate_sequence
Hibernate: drop table if exists posts
Hibernate: drop table if exists user
Hibernate: create table cities (id bigint not null, name varchar(500) not null, population integer, primary key (id)) engine=InnoDB
Hibernate: create table hibernate_sequence (next_val bigint) engine=InnoDB
Hibernate: insert into hibernate_sequence values ( 1 )
Hibernate: create table posts (id bigint not null auto_increment, created_date datetime, modified_date datetime, author varchar(255), content TEXT not null, title varchar(500) not null, primary key (id)) engine=InnoDB
Hibernate: create table user (id bigint not null auto_increment, created_date datetime, modified_date datetime, email varchar(255) not null, name varchar(255) not null, picture varchar(255), role varchar(255) not null, primary key (id)) engine=InnoDB
2021-01-13 14:49:13.545  INFO 33488 --- [         task-1] o.h.e.t.j.p.i.JtaPlatformInitiator       : HHH000490: Using JtaPlatform implementation: [org.hibernate.engine.transaction.jta.platform.internal.NoJtaPlatform]
2021-01-13 14:49:13.546  INFO 33488 --- [         task-1] j.LocalContainerEntityManagerFactoryBean : Initialized JPA EntityManagerFactory for persistence unit 'default'
2021-01-13 14:49:13.975  WARN 33488 --- [    Test worker] JpaBaseConfiguration$JpaWebConfiguration : spring.jpa.open-in-view is enabled by default. Therefore, database queries may be performed during view rendering. Explicitly configure spring.jpa.open-in-view to disable this warning
2021-01-13 14:49:14.709  INFO 33488 --- [    Test worker] o.s.s.web.DefaultSecurityFilterChain     : Will secure any request with [org.springframework.security.web.context.request.async.WebAsyncManagerIntegrationFilter@4342f865, org.springframework.security.web.context.SecurityContextPersistenceFilter@23d30e3c, org.springframework.security.web.header.HeaderWriterFilter@32908ab9, org.springframework.security.web.authentication.logout.LogoutFilter@382f5f09, org.springframework.security.oauth2.client.web.OAuth2AuthorizationRequestRedirectFilter@75e4fa35, org.springframework.security.oauth2.client.web.OAuth2LoginAuthenticationFilter@264c7427, org.springframework.security.web.authentication.ui.DefaultLoginPageGeneratingFilter@2fb8a900, org.springframework.security.web.authentication.ui.DefaultLogoutPageGeneratingFilter@475fcdac, org.springframework.security.web.savedrequest.RequestCacheAwareFilter@759b3737, org.springframework.security.web.servletapi.SecurityContextHolderAwareRequestFilter@4368be7f, org.springframework.security.web.authentication.AnonymousAuthenticationFilter@1538b220, org.springframework.security.web.session.SessionManagementFilter@4165ab31, org.springframework.security.web.access.ExceptionTranslationFilter@7384b352, org.springframework.security.web.access.intercept.FilterSecurityInterceptor@48f98c05]
2021-01-13 14:49:15.453  INFO 33488 --- [    Test worker] o.s.b.a.w.s.WelcomePageHandlerMapping    : Adding welcome page template: index
2021-01-13 14:49:16.837  INFO 33488 --- [    Test worker] o.s.b.w.embedded.tomcat.TomcatWebServer  : Tomcat started on port(s): 58736 (http) with context path ''
2021-01-13 14:49:16.840  INFO 33488 --- [    Test worker] DeferredRepositoryInitializationListener : Triggering deferred initialization of Spring Data repositories…
2021-01-13 14:49:17.059  INFO 33488 --- [    Test worker] DeferredRepositoryInitializationListener : Spring Data repositories initialized!
2021-01-13 14:49:17.077  INFO 33488 --- [    Test worker] s.a.ScheduledAnnotationBeanPostProcessor : No TaskScheduler/ScheduledExecutorService bean found for scheduled processing
2021-01-13 14:49:17.079  INFO 33488 --- [    Test worker] c.e.m.s.web.indexControllerTest          : Started indexControllerTest in 6.149 seconds (JVM running for 38.013)
2021-01-13 14:49:17.474  INFO 33488 --- [o-auto-1-exec-3] o.a.c.c.C.[Tomcat].[localhost].[/]       : Initializing Spring DispatcherServlet 'dispatcherServlet'
2021-01-13 14:49:17.475  INFO 33488 --- [o-auto-1-exec-3] o.s.web.servlet.DispatcherServlet        : Initializing Servlet 'dispatcherServlet'
2021-01-13 14:49:17.478  INFO 33488 --- [o-auto-1-exec-3] o.s.web.servlet.DispatcherServlet        : Completed initialization in 1 ms
Hibernate: select posts0_.id as id1_1_, posts0_.created_date as created_2_1_, posts0_.modified_date as modified3_1_, posts0_.author as author4_1_, posts0_.content as content5_1_, posts0_.title as title6_1_ from posts posts0_ order by posts0_.id DESC
]]></system-out>
  <system-err><![CDATA[]]></system-err>
</testsuite>
